..\lib\libbpdev_d.ilk
..\lib\libbpdev_d.pdb
E:\ZHANGXIANHUI\VSPROJ\DEVICEBLOODPRESSURE\DEBUG\LIBBPDEV.DLL
E:\zhangxianhui\VsProj\DeviceBloodPressure\Debug\libbpdev.exp
E:\ZHANGXIANHUI\VSPROJ\DEVICEBLOODPRESSURE\DEBUG\LIBBPDEV.ILK
E:\zhangxianhui\VsProj\DeviceBloodPressure\Debug\libbpdev.lib
E:\ZHANGXIANHUI\VSPROJ\DEVICEBLOODPRESSURE\DEBUG\LIBBPDEV.PDB
E:\ZHANGXIANHUI\VSPROJ\DEVICEBLOODPRESSURE\LIB\LIBBPDEV_D.DLL
E:\zhangxianhui\VsProj\DeviceBloodPressure\lib\libbpdev_d.exp
E:\ZHANGXIANHUI\VSPROJ\DEVICEBLOODPRESSURE\LIB\LIBBPDEV_D.ILK
E:\zhangxianhui\VsProj\DeviceBloodPressure\lib\libbpdev_d.lib
E:\ZHANGXIANHUI\VSPROJ\DEVICEBLOODPRESSURE\LIB\LIBBPDEV_D.PDB
E:\zhangxianhui\VsProj\DeviceBloodPressure\libbpdev\..\lib\libbpdev_d.dll
E:\zhangxianhui\VsProj\DeviceBloodPressure\libbpdev\Debug\cl.command.1.tlog
E:\zhangxianhui\VsProj\DeviceBloodPressure\libbpdev\Debug\CL.read.1.tlog
E:\zhangxianhui\VsProj\DeviceBloodPressure\libbpdev\Debug\CL.write.1.tlog
E:\ZHANGXIANHUI\VSPROJ\DEVICEBLOODPRESSURE\LIBBPDEV\DEBUG\DLLMAIN.OBJ
E:\ZHANGXIANHUI\VSPROJ\DEVICEBLOODPRESSURE\LIBBPDEV\DEBUG\LIBBPDEV.DLL.EMBED.MANIFEST
E:\ZHANGXIANHUI\VSPROJ\DEVICEBLOODPRESSURE\LIBBPDEV\DEBUG\LIBBPDEV.DLL.EMBED.MANIFEST.RES
E:\ZHANGXIANHUI\VSPROJ\DEVICEBLOODPRESSURE\LIBBPDEV\DEBUG\LIBBPDEV.DLL.INTERMEDIATE.MANIFEST
E:\ZHANGXIANHUI\VSPROJ\DEVICEBLOODPRESSURE\LIBBPDEV\DEBUG\LIBBPDEV.OBJ
E:\ZHANGXIANHUI\VSPROJ\DEVICEBLOODPRESSURE\LIBBPDEV\DEBUG\LIBBPDEV.PCH
E:\zhangxianhui\VsProj\DeviceBloodPressure\libbpdev\Debug\libbpdev.vcxprojResolveAssemblyReference.cache
E:\zhangxianhui\VsProj\DeviceBloodPressure\libbpdev\Debug\libbpdev.write.1.tlog
E:\ZHANGXIANHUI\VSPROJ\DEVICEBLOODPRESSURE\LIBBPDEV\DEBUG\LIBBPDEV_D.DLL.EMBED.MANIFEST
E:\ZHANGXIANHUI\VSPROJ\DEVICEBLOODPRESSURE\LIBBPDEV\DEBUG\LIBBPDEV_D.DLL.EMBED.MANIFEST.RES
E:\ZHANGXIANHUI\VSPROJ\DEVICEBLOODPRESSURE\LIBBPDEV\DEBUG\LIBBPDEV_D.DLL.INTERMEDIATE.MANIFEST
E:\ZHANGXIANHUI\VSPROJ\DEVICEBLOODPRESSURE\LIBBPDEV\DEBUG\LIBBPDEV_D.PCH
E:\zhangxianhui\VsProj\DeviceBloodPressure\libbpdev\Debug\libbpdev_d_manifest.rc
E:\zhangxianhui\VsProj\DeviceBloodPressure\libbpdev\Debug\libbpdev_manifest.rc
E:\zhangxianhui\VsProj\DeviceBloodPressure\libbpdev\Debug\link.10448.read.1.tlog
E:\zhangxianhui\VsProj\DeviceBloodPressure\libbpdev\Debug\link.10448.write.1.tlog
E:\zhangxianhui\VsProj\DeviceBloodPressure\libbpdev\Debug\link.10448-cvtres.read.1.tlog
E:\zhangxianhui\VsProj\DeviceBloodPressure\libbpdev\Debug\link.10448-cvtres.write.1.tlog
E:\zhangxianhui\VsProj\DeviceBloodPressure\libbpdev\Debug\link.10728.read.1.tlog
E:\zhangxianhui\VsProj\DeviceBloodPressure\libbpdev\Debug\link.10728.write.1.tlog
E:\zhangxianhui\VsProj\DeviceBloodPressure\libbpdev\Debug\link.10728-cvtres.read.1.tlog
E:\zhangxianhui\VsProj\DeviceBloodPressure\libbpdev\Debug\link.10728-cvtres.write.1.tlog
E:\zhangxianhui\VsProj\DeviceBloodPressure\libbpdev\Debug\link.11188.read.1.tlog
E:\zhangxianhui\VsProj\DeviceBloodPressure\libbpdev\Debug\link.11188.write.1.tlog
E:\zhangxianhui\VsProj\DeviceBloodPressure\libbpdev\Debug\link.11188-cvtres.read.1.tlog
E:\zhangxianhui\VsProj\DeviceBloodPressure\libbpdev\Debug\link.11188-cvtres.write.1.tlog
E:\zhangxianhui\VsProj\DeviceBloodPressure\libbpdev\Debug\link.11228.read.1.tlog
E:\zhangxianhui\VsProj\DeviceBloodPressure\libbpdev\Debug\link.11228.write.1.tlog
E:\zhangxianhui\VsProj\DeviceBloodPressure\libbpdev\Debug\link.11228-cvtres.read.1.tlog
E:\zhangxianhui\VsProj\DeviceBloodPressure\libbpdev\Debug\link.11228-cvtres.write.1.tlog
E:\zhangxianhui\VsProj\DeviceBloodPressure\libbpdev\Debug\link.1568.read.1.tlog
E:\zhangxianhui\VsProj\DeviceBloodPressure\libbpdev\Debug\link.1568.write.1.tlog
E:\zhangxianhui\VsProj\DeviceBloodPressure\libbpdev\Debug\link.1568-cvtres.read.1.tlog
E:\zhangxianhui\VsProj\DeviceBloodPressure\libbpdev\Debug\link.1568-cvtres.write.1.tlog
E:\zhangxianhui\VsProj\DeviceBloodPressure\libbpdev\Debug\link.6920.read.1.tlog
E:\zhangxianhui\VsProj\DeviceBloodPressure\libbpdev\Debug\link.6920.write.1.tlog
E:\zhangxianhui\VsProj\DeviceBloodPressure\libbpdev\Debug\link.6920-cvtres.read.1.tlog
E:\zhangxianhui\VsProj\DeviceBloodPressure\libbpdev\Debug\link.6920-cvtres.write.1.tlog
E:\zhangxianhui\VsProj\DeviceBloodPressure\libbpdev\Debug\link.7892.read.1.tlog
E:\zhangxianhui\VsProj\DeviceBloodPressure\libbpdev\Debug\link.7892.write.1.tlog
E:\zhangxianhui\VsProj\DeviceBloodPressure\libbpdev\Debug\link.7892-cvtres.read.1.tlog
E:\zhangxianhui\VsProj\DeviceBloodPressure\libbpdev\Debug\link.7892-cvtres.write.1.tlog
E:\zhangxianhui\VsProj\DeviceBloodPressure\libbpdev\Debug\link.8580.read.1.tlog
E:\zhangxianhui\VsProj\DeviceBloodPressure\libbpdev\Debug\link.8580.write.1.tlog
E:\zhangxianhui\VsProj\DeviceBloodPressure\libbpdev\Debug\link.8580-cvtres.read.1.tlog
E:\zhangxianhui\VsProj\DeviceBloodPressure\libbpdev\Debug\link.8580-cvtres.write.1.tlog
E:\zhangxianhui\VsProj\DeviceBloodPressure\libbpdev\Debug\link.8652.read.1.tlog
E:\zhangxianhui\VsProj\DeviceBloodPressure\libbpdev\Debug\link.8652.write.1.tlog
E:\zhangxianhui\VsProj\DeviceBloodPressure\libbpdev\Debug\link.8652-cvtres.read.1.tlog
E:\zhangxianhui\VsProj\DeviceBloodPressure\libbpdev\Debug\link.8652-cvtres.write.1.tlog
E:\zhangxianhui\VsProj\DeviceBloodPressure\libbpdev\Debug\link.command.1.tlog
E:\zhangxianhui\VsProj\DeviceBloodPressure\libbpdev\Debug\link.read.1.tlog
E:\zhangxianhui\VsProj\DeviceBloodPressure\libbpdev\Debug\link.write.1.tlog
E:\zhangxianhui\VsProj\DeviceBloodPressure\libbpdev\Debug\link-cvtres.read.1.tlog
E:\zhangxianhui\VsProj\DeviceBloodPressure\libbpdev\Debug\link-cvtres.write.1.tlog
E:\zhangxianhui\VsProj\DeviceBloodPressure\libbpdev\Debug\mt.command.1.tlog
E:\zhangxianhui\VsProj\DeviceBloodPressure\libbpdev\Debug\mt.read.1.tlog
E:\zhangxianhui\VsProj\DeviceBloodPressure\libbpdev\Debug\mt.write.1.tlog
E:\zhangxianhui\VsProj\DeviceBloodPressure\libbpdev\Debug\rc.command.1.tlog
E:\zhangxianhui\VsProj\DeviceBloodPressure\libbpdev\Debug\rc.read.1.tlog
E:\zhangxianhui\VsProj\DeviceBloodPressure\libbpdev\Debug\rc.write.1.tlog
E:\ZHANGXIANHUI\VSPROJ\DEVICEBLOODPRESSURE\LIBBPDEV\DEBUG\STDAFX.OBJ
E:\zhangxianhui\VsProj\DeviceBloodPressure\libbpdev\Debug\vc100.idb
E:\ZHANGXIANHUI\VSPROJ\DEVICEBLOODPRESSURE\LIBBPDEV\DEBUG\VC100.PDB
