E:\zhangxianhui\VsProj\DeviceBloodPressure\Debug\libbpdev.pdb
E:\zhangxianhui\VsProj\DeviceBloodPressure\libbpdev\Debug\cl.command.1.tlog
E:\zhangxianhui\VsProj\DeviceBloodPressure\libbpdev\Debug\CL.read.1.tlog
E:\zhangxianhui\VsProj\DeviceBloodPressure\libbpdev\Debug\CL.write.1.tlog
E:\ZHANGXIANHUI\VSPROJ\DEVICEBLOODPRESSURE\LIBBPDEV\DEBUG\DLLMAIN.OBJ
E:\zhangxianhui\VsProj\DeviceBloodPressure\libbpdev\Debug\libbpdev.dll.embed.manifest
E:\ZHANGXIANHUI\VSPROJ\DEVICEBLOODPRESSURE\LIBBPDEV\DEBUG\LIBBPDEV.DLL.EMBED.MANIFEST.RES
E:\zhangxianhui\VsProj\DeviceBloodPressure\libbpdev\Debug\libbpdev.dll.intermediate.manifest
E:\ZHANGXIANHUI\VSPROJ\DEVICEBLOODPRESSURE\LIBBPDEV\DEBUG\LIBBPDEV.OBJ
E:\ZHANGXIANHUI\VSPROJ\DEVICEBLOODPRESSURE\LIBBPDEV\DEBUG\LIBBPDEV.PCH
E:\zhangxianhui\VsProj\DeviceBloodPressure\libbpdev\Debug\libbpdev.write.1.tlog
E:\zhangxianhui\VsProj\DeviceBloodPressure\libbpdev\Debug\libbpdev_manifest.rc
E:\zhangxianhui\VsProj\DeviceBloodPressure\libbpdev\Debug\link.command.1.tlog
E:\zhangxianhui\VsProj\DeviceBloodPressure\libbpdev\Debug\link.read.1.tlog
E:\zhangxianhui\VsProj\DeviceBloodPressure\libbpdev\Debug\link.write.1.tlog
E:\zhangxianhui\VsProj\DeviceBloodPressure\libbpdev\Debug\link-cvtres.read.1.tlog
E:\zhangxianhui\VsProj\DeviceBloodPressure\libbpdev\Debug\link-cvtres.write.1.tlog
E:\zhangxianhui\VsProj\DeviceBloodPressure\libbpdev\Debug\rc.command.1.tlog
E:\zhangxianhui\VsProj\DeviceBloodPressure\libbpdev\Debug\rc.read.1.tlog
E:\zhangxianhui\VsProj\DeviceBloodPressure\libbpdev\Debug\rc.write.1.tlog
E:\ZHANGXIANHUI\VSPROJ\DEVICEBLOODPRESSURE\LIBBPDEV\DEBUG\STDAFX.OBJ
E:\zhangxianhui\VsProj\DeviceBloodPressure\libbpdev\Debug\vc100.idb
E:\ZHANGXIANHUI\VSPROJ\DEVICEBLOODPRESSURE\LIBBPDEV\DEBUG\VC100.PDB
