..\lib\libbpdev.pdb
E:\ZHANGXIANHUI\VSPROJ\DEVICEBLOODPRESSURE\LIB\LIBBPDEV.DLL
E:\zhangxianhui\VsProj\DeviceBloodPressure\lib\libbpdev.exp
E:\zhangxianhui\VsProj\DeviceBloodPressure\lib\libbpdev.lib
E:\ZHANGXIANHUI\VSPROJ\DEVICEBLOODPRESSURE\LIB\LIBBPDEV.PDB
E:\zhangxianhui\VsProj\DeviceBloodPressure\libbpdev\..\lib\libbpdev.dll
E:\zhangxianhui\VsProj\DeviceBloodPressure\libbpdev\Release\cl.command.1.tlog
E:\zhangxianhui\VsProj\DeviceBloodPressure\libbpdev\Release\CL.read.1.tlog
E:\zhangxianhui\VsProj\DeviceBloodPressure\libbpdev\Release\CL.write.1.tlog
E:\ZHANGXIANHUI\VSPROJ\DEVICEBLOODPRESSURE\LIBBPDEV\RELEASE\DLLMAIN.OBJ
E:\ZHANGXIANHUI\VSPROJ\DEVICEBLOODPRESSURE\LIBBPDEV\RELEASE\LIBBPDEV.DLL.INTERMEDIATE.MANIFEST
E:\ZHANGXIANHUI\VSPROJ\DEVICEBLOODPRESSURE\LIBBPDEV\RELEASE\LIBBPDEV.OBJ
E:\ZHANGXIANHUI\VSPROJ\DEVICEBLOODPRESSURE\LIBBPDEV\RELEASE\LIBBPDEV.PCH
E:\zhangxianhui\VsProj\DeviceBloodPressure\libbpdev\Release\libbpdev.write.1.tlog
E:\zhangxianhui\VsProj\DeviceBloodPressure\libbpdev\Release\link.command.1.tlog
E:\zhangxianhui\VsProj\DeviceBloodPressure\libbpdev\Release\link.read.1.tlog
E:\zhangxianhui\VsProj\DeviceBloodPressure\libbpdev\Release\link.write.1.tlog
E:\zhangxianhui\VsProj\DeviceBloodPressure\libbpdev\Release\mt.command.1.tlog
E:\zhangxianhui\VsProj\DeviceBloodPressure\libbpdev\Release\mt.read.1.tlog
E:\zhangxianhui\VsProj\DeviceBloodPressure\libbpdev\Release\mt.write.1.tlog
E:\ZHANGXIANHUI\VSPROJ\DEVICEBLOODPRESSURE\LIBBPDEV\RELEASE\STDAFX.OBJ
E:\ZHANGXIANHUI\VSPROJ\DEVICEBLOODPRESSURE\LIBBPDEV\RELEASE\VC100.PDB
E:\ZHANGXIANHUI\VSPROJ\DEVICEBLOODPRESSURE\RELEASE\LIBBPDEV.DLL
E:\zhangxianhui\VsProj\DeviceBloodPressure\Release\libbpdev.exp
E:\zhangxianhui\VsProj\DeviceBloodPressure\Release\libbpdev.lib
E:\ZHANGXIANHUI\VSPROJ\DEVICEBLOODPRESSURE\RELEASE\LIBBPDEV.PDB
