Build started 3/6/2017 9:55:01.
     1>Project "E:\zhangxianhui\VsProj\DeviceBloodPressure\Server\Server.vcxproj" on node 2 (rebuild target(s)).
     1>InitializeBuildStatus:
         Creating "Debug\DevServer.unsuccessfulbuild" because "AlwaysCreate" was specified.
       ClCompile:
         C:\Program Files (x86)\Microsoft Visual Studio 10.0\VC\bin\CL.exe /c /I..\Server\inc /I..\inc /I"C:\Program Files (x86)\Visual Leak Detector\include" /ZI /nologo /W3 /WX- /Od /Oy- /D WIN32 /D _DEBUG /D _CONSOLE /D _UNICODE /D UNICODE /Gm /EHsc /RTC1 /MDd /GS /fp:precise /Zc:wchar_t /Zc:forScope /Yc"StdAfx.h" /Fp"Debug\DevServer.pch" /Fo"Debug\\" /Fd"Debug\vc100.pdb" /Gd /TP /analyze- /errorReport:prompt stdafx.cpp
         stdafx.cpp
         C:\Program Files (x86)\Microsoft Visual Studio 10.0\VC\bin\CL.exe /c /I..\Server\inc /I..\inc /I"C:\Program Files (x86)\Visual Leak Detector\include" /ZI /nologo /W3 /WX- /Od /Oy- /D WIN32 /D _DEBUG /D _CONSOLE /D _UNICODE /D UNICODE /Gm /EHsc /RTC1 /MDd /GS /fp:precise /Zc:wchar_t /Zc:forScope /Yu"StdAfx.h" /Fp"Debug\DevServer.pch" /Fo"Debug\\" /Fd"Debug\vc100.pdb" /Gd /TP /analyze- /errorReport:prompt main.cpp src\server.cpp
         server.cpp
         main.cpp
         Generating Code...
       ManifestResourceCompile:
         C:\Program Files (x86)\Microsoft SDKs\Windows\v7.0A\bin\rc.exe /nologo /fo"Debug\DevServer.exe.embed.manifest.res" Debug\DevServer_manifest.rc 
       Link:
         C:\Program Files (x86)\Microsoft Visual Studio 10.0\VC\bin\link.exe /ERRORREPORT:PROMPT /OUT:"E:\zhangxianhui\VsProj\DeviceBloodPressure\Debug\DevServer.exe" /INCREMENTAL /NOLOGO /LIBPATH:"C:\Program Files (x86)\Visual Leak Detector\lib\Win32" kernel32.lib user32.lib gdi32.lib winspool.lib comdlg32.lib advapi32.lib shell32.lib ole32.lib oleaut32.lib uuid.lib odbc32.lib odbccp32.lib /MANIFEST /ManifestFile:"Debug\DevServer.exe.intermediate.manifest" /MANIFESTUAC:"level='asInvoker' uiAccess='false'" /DEBUG /PDB:"E:\zhangxianhui\VsProj\DeviceBloodPressure\Debug\DevServer.pdb" /SUBSYSTEM:CONSOLE /TLBID:1 /DYNAMICBASE /NXCOMPAT /IMPLIB:"E:\zhangxianhui\VsProj\DeviceBloodPressure\Debug\DevServer.lib" /MACHINE:X86 Debug\DevServer.exe.embed.manifest.res
         Debug\main.obj
         Debug\server.obj
         Debug\stdafx.obj
       Manifest:
         Deleting file "Debug\DevServer.exe.embed.manifest".
         C:\Program Files (x86)\Microsoft SDKs\Windows\v7.0A\bin\mt.exe /nologo /verbose /out:"Debug\DevServer.exe.embed.manifest" /manifest Debug\DevServer.exe.intermediate.manifest
         C:\Program Files (x86)\Microsoft SDKs\Windows\v7.0A\bin\rc.exe /nologo /fo"Debug\DevServer.exe.embed.manifest.res" Debug\DevServer_manifest.rc 
       LinkEmbedManifest:
         C:\Program Files (x86)\Microsoft Visual Studio 10.0\VC\bin\link.exe /ERRORREPORT:PROMPT /OUT:"E:\zhangxianhui\VsProj\DeviceBloodPressure\Debug\DevServer.exe" /INCREMENTAL /NOLOGO /LIBPATH:"C:\Program Files (x86)\Visual Leak Detector\lib\Win32" kernel32.lib user32.lib gdi32.lib winspool.lib comdlg32.lib advapi32.lib shell32.lib ole32.lib oleaut32.lib uuid.lib odbc32.lib odbccp32.lib /MANIFEST /ManifestFile:"Debug\DevServer.exe.intermediate.manifest" /MANIFESTUAC:"level='asInvoker' uiAccess='false'" /DEBUG /PDB:"E:\zhangxianhui\VsProj\DeviceBloodPressure\Debug\DevServer.pdb" /SUBSYSTEM:CONSOLE /TLBID:1 /DYNAMICBASE /NXCOMPAT /IMPLIB:"E:\zhangxianhui\VsProj\DeviceBloodPressure\Debug\DevServer.lib" /MACHINE:X86 Debug\DevServer.exe.embed.manifest.res
         Debug\main.obj
         Debug\server.obj
         Debug\stdafx.obj
         Server.vcxproj -> E:\zhangxianhui\VsProj\DeviceBloodPressure\Debug\DevServer.exe
       FinalizeBuildStatus:
         Deleting file "Debug\DevServer.unsuccessfulbuild".
         Touching "Debug\DevServer.lastbuildstate".
     1>Done Building Project "E:\zhangxianhui\VsProj\DeviceBloodPressure\Server\Server.vcxproj" (rebuild target(s)).

Build succeeded.

Time Elapsed 00:00:01.33
