E:\ZHANGXIANHUI\VSPROJ\DEVICEBLOODPRESSURE\DEBUG\SERVER.EXE
E:\ZHANGXIANHUI\VSPROJ\DEVICEBLOODPRESSURE\DEBUG\SERVER.ILK
E:\ZHANGXIANHUI\VSPROJ\DEVICEBLOODPRESSURE\DEBUG\SERVER.PDB
E:\zhangxianhui\VsProj\DeviceBloodPressure\Server\Debug\cl.command.1.tlog
E:\zhangxianhui\VsProj\DeviceBloodPressure\Server\Debug\CL.read.1.tlog
E:\zhangxianhui\VsProj\DeviceBloodPressure\Server\Debug\CL.write.1.tlog
E:\zhangxianhui\VsProj\DeviceBloodPressure\Server\Debug\link.8860.read.1.tlog
E:\zhangxianhui\VsProj\DeviceBloodPressure\Server\Debug\link.8860.write.1.tlog
E:\zhangxianhui\VsProj\DeviceBloodPressure\Server\Debug\link.8860-cvtres.read.1.tlog
E:\zhangxianhui\VsProj\DeviceBloodPressure\Server\Debug\link.8860-cvtres.write.1.tlog
E:\zhangxianhui\VsProj\DeviceBloodPressure\Server\Debug\link.command.1.tlog
E:\zhangxianhui\VsProj\DeviceBloodPressure\Server\Debug\link.read.1.tlog
E:\zhangxianhui\VsProj\DeviceBloodPressure\Server\Debug\link.write.1.tlog
E:\zhangxianhui\VsProj\DeviceBloodPressure\Server\Debug\link-cvtres.read.1.tlog
E:\zhangxianhui\VsProj\DeviceBloodPressure\Server\Debug\link-cvtres.write.1.tlog
E:\ZHANGXIANHUI\VSPROJ\DEVICEBLOODPRESSURE\SERVER\DEBUG\MAIN.OBJ
E:\zhangxianhui\VsProj\DeviceBloodPressure\Server\Debug\mt.command.1.tlog
E:\zhangxianhui\VsProj\DeviceBloodPressure\Server\Debug\mt.read.1.tlog
E:\zhangxianhui\VsProj\DeviceBloodPressure\Server\Debug\mt.write.1.tlog
E:\zhangxianhui\VsProj\DeviceBloodPressure\Server\Debug\rc.command.1.tlog
E:\zhangxianhui\VsProj\DeviceBloodPressure\Server\Debug\rc.read.1.tlog
E:\zhangxianhui\VsProj\DeviceBloodPressure\Server\Debug\rc.write.1.tlog
E:\ZHANGXIANHUI\VSPROJ\DEVICEBLOODPRESSURE\SERVER\DEBUG\SERVER.EXE.EMBED.MANIFEST
E:\ZHANGXIANHUI\VSPROJ\DEVICEBLOODPRESSURE\SERVER\DEBUG\SERVER.EXE.EMBED.MANIFEST.RES
E:\ZHANGXIANHUI\VSPROJ\DEVICEBLOODPRESSURE\SERVER\DEBUG\SERVER.EXE.INTERMEDIATE.MANIFEST
E:\ZHANGXIANHUI\VSPROJ\DEVICEBLOODPRESSURE\SERVER\DEBUG\SERVER.OBJ
E:\ZHANGXIANHUI\VSPROJ\DEVICEBLOODPRESSURE\SERVER\DEBUG\SERVER.PCH
E:\zhangxianhui\VsProj\DeviceBloodPressure\Server\Debug\Server.write.1.tlog
E:\zhangxianhui\VsProj\DeviceBloodPressure\Server\Debug\Server_manifest.rc
E:\ZHANGXIANHUI\VSPROJ\DEVICEBLOODPRESSURE\SERVER\DEBUG\STDAFX.OBJ
E:\zhangxianhui\VsProj\DeviceBloodPressure\Server\Debug\vc100.idb
E:\ZHANGXIANHUI\VSPROJ\DEVICEBLOODPRESSURE\SERVER\DEBUG\VC100.PDB
